<?xml version="1.0" encoding="UTF-8"?>
<!-- Generated by org.testng.reporters.JUnitXMLReporter -->
<testsuite hostname="Yongs-MBP.hsd1.ca.comcast.net" ignored="0" name="GroupsDemo" tests="4" failures="0" timestamp="21 Apr 2018 03:54:32 GMT" time="0.036" errors="0">
  <testcase name="testAudiA6" time="0.004" classname="testclasses.TestNG_Grouping"/>
  <testcase name="testBMWX6" time="0.001" classname="testclasses.TestNG_Grouping"/>
  <testcase name="testHondaCBR" time="0.002" classname="testclasses.TestNG_Grouping"/>
  <testcase name="testNinja" time="0.001" classname="testclasses.TestNG_Grouping"/>
</testsuite> <!-- GroupsDemo -->
