<?xml version="1.0" encoding="UTF-8"?>
<!-- Generated by org.testng.reporters.JUnitXMLReporter -->
<testsuite ignored="0" hostname="Yongs-MBP.hsd1.ca.comcast.net" failures="0" tests="4" name="GroupsDemo" time="0.002" errors="0" timestamp="20 Apr 2018 05:27:08 GMT">
  <testcase classname="testclasses.TestNG_Grouping" name="testAudiA6" time="0.0"/>
  <testcase classname="testclasses.TestNG_Grouping" name="testBMWX6" time="0.0"/>
  <testcase classname="testclasses.TestNG_Grouping" name="testHondaCBR" time="0.0"/>
  <testcase classname="testclasses.TestNG_Grouping" name="testNinja" time="0.0"/>
</testsuite> <!-- GroupsDemo -->
