<?xml version="1.0" encoding="UTF-8"?>
<!-- Generated by org.testng.reporters.JUnitXMLReporter -->
<testsuite hostname="Yongs-MBP.hsd1.ca.comcast.net" ignored="0" name="Test 1" tests="4" failures="0" timestamp="21 Apr 2018 03:54:48 GMT" time="0.036" errors="0">
  <testcase name="testMethod1" time="0.008" classname="testclasses.TestNG_Preserve2"/>
  <testcase name="testMethod2" time="0.002" classname="testclasses.TestNG_Preserve2"/>
  <testcase name="testMethod1" time="0.001" classname="testclasses.TestNG_Preserve1"/>
  <testcase name="testMethod2" time="0.001" classname="testclasses.TestNG_Preserve1"/>
</testsuite> <!-- Test 1 -->
